SF:/c/Repos/ffc-demo-payment-service-core/FFCDemoPaymentService/HealthChecks/LivenessCheck.cs
FN:9,System.Threading.Tasks.Task`1<Microsoft.Extensions.Diagnostics.HealthChecks.HealthCheckResult> LivenessCheck::CheckHealthAsync(Microsoft.Extensions.Diagnostics.HealthChecks.HealthCheckContext,System.Threading.CancellationToken)
FNDA:0,System.Threading.Tasks.Task`1<Microsoft.Extensions.Diagnostics.HealthChecks.HealthCheckResult> LivenessCheck::CheckHealthAsync(Microsoft.Extensions.Diagnostics.HealthChecks.HealthCheckContext,System.Threading.CancellationToken)
DA:10,0
DA:11,0
DA:13,0
DA:14,0
DA:15,0
DA:16,0
DA:19,0
DA:20,0
DA:21,0
BRDA:13,6,0,0
BRDA:13,6,1,0
LF:9
LH:0
BRF:2
BRH:0
FNF:1
FNH:0
end_of_record
SF:/c/Repos/ffc-demo-payment-service-core/FFCDemoPaymentService/HealthChecks/ReadinessCheck.cs
FN:19,System.Threading.Tasks.Task`1<Microsoft.Extensions.Diagnostics.HealthChecks.HealthCheckResult> ReadinessCheck::CheckHealthAsync(Microsoft.Extensions.Diagnostics.HealthChecks.HealthCheckContext,System.Threading.CancellationToken)
FNDA:0,System.Threading.Tasks.Task`1<Microsoft.Extensions.Diagnostics.HealthChecks.HealthCheckResult> ReadinessCheck::CheckHealthAsync(Microsoft.Extensions.Diagnostics.HealthChecks.HealthCheckContext,System.Threading.CancellationToken)
DA:20,0
DA:21,0
DA:23,0
DA:24,0
DA:25,0
DA:26,0
DA:29,0
DA:30,0
DA:31,0
BRDA:23,17,0,0
BRDA:23,17,1,0
FN:33,System.Boolean ReadinessCheck::CheckDatabase(FFCDemoPaymentService.Data.ApplicationDbContext)
FNDA:0,System.Boolean ReadinessCheck::CheckDatabase(FFCDemoPaymentService.Data.ApplicationDbContext)
DA:34,0
DA:36,0
DA:37,0
DA:38,0
DA:40,0
DA:41,0
DA:42,0
DA:43,0
DA:45,0
FN:11,System.Void ReadinessCheck::.ctor(FFCDemoPaymentService.Data.ApplicationDbContext)
FNDA:0,System.Void ReadinessCheck::.ctor(FFCDemoPaymentService.Data.ApplicationDbContext)
DA:12,0
DA:13,0
DA:14,0
DA:15,0
LF:22
LH:0
BRF:2
BRH:0
FNF:3
FNH:0
end_of_record
SF:/c/Repos/ffc-demo-payment-service-core/FFCDemoPaymentService/Program.cs
FN:16,System.Void FFCDemoPaymentService.Program::Main(System.String[])
FNDA:0,System.Void FFCDemoPaymentService.Program::Main(System.String[])
DA:17,0
DA:19,0
DA:20,0
FN:22,Microsoft.Extensions.Hosting.IHostBuilder FFCDemoPaymentService.Program::CreateHostBuilder(System.String[])
FNDA:0,Microsoft.Extensions.Hosting.IHostBuilder FFCDemoPaymentService.Program::CreateHostBuilder(System.String[])
DA:23,0
DA:24,0
DA:25,0
DA:26,0
DA:27,0
DA:28,0
DA:29,0
DA:30,0
DA:31,0
BRDA:23,12,0,0
BRDA:23,12,1,0
BRDA:23,48,0,0
BRDA:23,48,1,0
LF:12
LH:0
BRF:4
BRH:0
FNF:2
FNH:0
end_of_record
SF:/c/Repos/ffc-demo-payment-service-core/FFCDemoPaymentService/Startup.cs
FN:27,Microsoft.Extensions.Configuration.IConfiguration FFCDemoPaymentService.Startup::get_Configuration()
FNDA:0,Microsoft.Extensions.Configuration.IConfiguration FFCDemoPaymentService.Startup::get_Configuration()
DA:28,0
FN:31,System.Void FFCDemoPaymentService.Startup::ConfigureServices(Microsoft.Extensions.DependencyInjection.IServiceCollection)
FNDA:0,System.Void FFCDemoPaymentService.Startup::ConfigureServices(Microsoft.Extensions.DependencyInjection.IServiceCollection)
DA:32,0
DA:33,0
DA:34,0
DA:36,0
DA:38,0
DA:39,0
DA:40,0
DA:41,0
DA:42,0
DA:43,0
DA:45,0
DA:46,0
DA:47,0
DA:49,0
DA:50,0
FN:53,System.Void FFCDemoPaymentService.Startup::Configure(Microsoft.AspNetCore.Builder.IApplicationBuilder,Microsoft.AspNetCore.Hosting.IWebHostEnvironment,FFCDemoPaymentService.Data.ApplicationDbContext)
FNDA:0,System.Void FFCDemoPaymentService.Startup::Configure(Microsoft.AspNetCore.Builder.IApplicationBuilder,Microsoft.AspNetCore.Hosting.IWebHostEnvironment,FFCDemoPaymentService.Data.ApplicationDbContext)
DA:54,0
DA:55,0
DA:56,0
DA:57,0
DA:58,0
DA:60,0
DA:61,0
DA:63,0
DA:64,0
DA:65,0
DA:66,0
DA:68,0
DA:69,0
DA:70,0
DA:71,0
DA:73,0
DA:74,0
DA:75,0
DA:76,0
DA:78,0
DA:79,0
BRDA:55,9,0,0
BRDA:55,9,1,0
BRDA:63,57,0,0
BRDA:63,57,1,0
BRDA:68,117,0,0
BRDA:68,117,1,0
BRDA:73,161,0,0
BRDA:73,161,1,0
FN:81,System.Void FFCDemoPaymentService.Startup::ApplyMigrations(FFCDemoPaymentService.Data.ApplicationDbContext)
FNDA:0,System.Void FFCDemoPaymentService.Startup::ApplyMigrations(FFCDemoPaymentService.Data.ApplicationDbContext)
DA:82,0
DA:83,0
DA:84,0
DA:85,0
DA:87,0
DA:88,0
DA:89,0
DA:90,0
DA:91,0
DA:92,0
DA:93,0
DA:94,0
DA:95,0
DA:96,0
BRDA:83,19,0,0
BRDA:83,19,1,0
FN:22,System.Void FFCDemoPaymentService.Startup::.ctor(Microsoft.Extensions.Configuration.IConfiguration)
FNDA:0,System.Void FFCDemoPaymentService.Startup::.ctor(Microsoft.Extensions.Configuration.IConfiguration)
DA:23,0
DA:24,0
DA:25,0
DA:26,0
LF:55
LH:0
BRF:10
BRH:0
FNF:5
FNH:0
end_of_record
SF:/c/Repos/ffc-demo-payment-service-core/FFCDemoPaymentService/Scheduling/ScheduleService.cs
FN:16,System.Void FFCDemoPaymentService.Scheduling.ScheduleService::CreateSchedule(System.String,System.DateTime)
FNDA:2,System.Void FFCDemoPaymentService.Scheduling.ScheduleService::CreateSchedule(System.String,System.DateTime)
DA:17,2
DA:18,2
DA:19,2
DA:20,2
DA:21,2
FN:23,System.Collections.Generic.List`1<FFCDemoPaymentService.Models.Schedule> FFCDemoPaymentService.Scheduling.ScheduleService::ScheduleBuilder(System.String,System.DateTime)
FNDA:2,System.Collections.Generic.List`1<FFCDemoPaymentService.Models.Schedule> FFCDemoPaymentService.Scheduling.ScheduleService::ScheduleBuilder(System.String,System.DateTime)
DA:24,2
DA:25,2
DA:26,2
DA:28,32
DA:29,14
DA:30,14
DA:31,14
DA:32,14
DA:33,14
DA:34,14
DA:35,14
DA:36,14
DA:38,2
DA:39,2
BRDA:28,71,1,14
BRDA:28,71,0,2
FN:10,System.Void FFCDemoPaymentService.Scheduling.ScheduleService::.ctor(FFCDemoPaymentService.Data.ApplicationDbContext)
FNDA:2,System.Void FFCDemoPaymentService.Scheduling.ScheduleService::.ctor(FFCDemoPaymentService.Data.ApplicationDbContext)
DA:11,2
DA:12,2
DA:13,2
DA:14,2
LF:23
LH:23
BRF:2
BRH:2
FNF:3
FNH:3
end_of_record
SF:/c/Repos/ffc-demo-payment-service-core/FFCDemoPaymentService/Models/Claim.cs
FN:8,System.String FFCDemoPaymentService.Models.Claim::get_ClaimId()
FNDA:6,System.String FFCDemoPaymentService.Models.Claim::get_ClaimId()
DA:9,6
LF:1
LH:1
BRF:0
BRH:0
FNF:1
FNH:1
end_of_record
SF:/c/Repos/ffc-demo-payment-service-core/FFCDemoPaymentService/Models/Payment.cs
FN:13,System.String FFCDemoPaymentService.Models.Payment::get_ClaimId()
FNDA:5,System.String FFCDemoPaymentService.Models.Payment::get_ClaimId()
DA:14,5
FN:17,System.Decimal FFCDemoPaymentService.Models.Payment::get_Value()
FNDA:5,System.Decimal FFCDemoPaymentService.Models.Payment::get_Value()
DA:18,5
LF:2
LH:2
BRF:0
BRH:0
FNF:2
FNH:2
end_of_record
SF:/c/Repos/ffc-demo-payment-service-core/FFCDemoPaymentService/Models/Schedule.cs
FN:9,System.Int32 FFCDemoPaymentService.Models.Schedule::get_ScheduleId()
FNDA:0,System.Int32 FFCDemoPaymentService.Models.Schedule::get_ScheduleId()
DA:10,0
FN:12,System.String FFCDemoPaymentService.Models.Schedule::get_ClaimId()
FNDA:0,System.String FFCDemoPaymentService.Models.Schedule::get_ClaimId()
DA:13,0
FN:15,System.DateTime FFCDemoPaymentService.Models.Schedule::get_PaymentDate()
FNDA:0,System.DateTime FFCDemoPaymentService.Models.Schedule::get_PaymentDate()
DA:16,0
LF:3
LH:0
BRF:0
BRH:0
FNF:3
FNH:0
end_of_record
SF:/c/Repos/ffc-demo-payment-service-core/FFCDemoPaymentService/Messaging/MessageService.cs
FN:36,System.Threading.Tasks.Task FFCDemoPaymentService.Messaging.MessageService::ExecuteAsync(System.Threading.CancellationToken)
FNDA:0,System.Threading.Tasks.Task FFCDemoPaymentService.Messaging.MessageService::ExecuteAsync(System.Threading.CancellationToken)
DA:37,0
DA:38,0
DA:39,0
DA:40,0
FN:42,System.Void FFCDemoPaymentService.Messaging.MessageService::StartPolling()
FNDA:2,System.Void FFCDemoPaymentService.Messaging.MessageService::StartPolling()
DA:43,2
DA:44,2
DA:45,2
DA:46,2
DA:47,2
DA:49,2
DA:50,2
DA:51,2
DA:52,2
DA:53,2
BRDA:45,25,0,0
BRDA:45,25,1,2
BRDA:50,102,0,0
BRDA:50,102,1,2
FN:21,System.Void FFCDemoPaymentService.Messaging.MessageService::.ctor(FFCDemoPaymentService.Messaging.Actions.IMessageAction`1<FFCDemoPaymentService.Models.Schedule>,FFCDemoPaymentService.Messaging.Actions.IMessageAction`1<FFCDemoPaymentService.Models.Payment>,FFCDemoPaymentService.Messaging.MessageConfig,FFCDemoPaymentService.Messaging.IReceiver,FFCDemoPaymentService.Messaging.IReceiver)
FNDA:2,System.Void FFCDemoPaymentService.Messaging.MessageService::.ctor(FFCDemoPaymentService.Messaging.Actions.IMessageAction`1<FFCDemoPaymentService.Models.Schedule>,FFCDemoPaymentService.Messaging.Actions.IMessageAction`1<FFCDemoPaymentService.Models.Payment>,FFCDemoPaymentService.Messaging.MessageConfig,FFCDemoPaymentService.Messaging.IReceiver,FFCDemoPaymentService.Messaging.IReceiver)
DA:22,2
DA:23,2
DA:24,2
DA:25,2
DA:26,2
DA:27,2
DA:28,2
DA:29,2
DA:30,2
DA:31,2
DA:32,2
DA:33,2
DA:34,2
LF:27
LH:23
BRF:4
BRH:2
FNF:3
FNH:2
end_of_record
SF:/c/Repos/ffc-demo-payment-service-core/FFCDemoPaymentService/Messaging/MesssageConfig.cs
FN:7,System.String FFCDemoPaymentService.Messaging.MessageConfig::get_ScheduleQueueName()
FNDA:16,System.String FFCDemoPaymentService.Messaging.MessageConfig::get_ScheduleQueueName()
DA:8,16
FN:8,System.String FFCDemoPaymentService.Messaging.MessageConfig::get_ScheduleQueueEndpoint()
FNDA:16,System.String FFCDemoPaymentService.Messaging.MessageConfig::get_ScheduleQueueEndpoint()
DA:9,16
FN:9,System.String FFCDemoPaymentService.Messaging.MessageConfig::get_ScheduleQueueUrl()
FNDA:16,System.String FFCDemoPaymentService.Messaging.MessageConfig::get_ScheduleQueueUrl()
DA:10,16
FN:10,System.String FFCDemoPaymentService.Messaging.MessageConfig::get_ScheduleQueueRegion()
FNDA:16,System.String FFCDemoPaymentService.Messaging.MessageConfig::get_ScheduleQueueRegion()
DA:11,16
FN:11,System.String FFCDemoPaymentService.Messaging.MessageConfig::get_ScheduleAccessKeyId()
FNDA:16,System.String FFCDemoPaymentService.Messaging.MessageConfig::get_ScheduleAccessKeyId()
DA:12,16
FN:12,System.String FFCDemoPaymentService.Messaging.MessageConfig::get_ScheduleAccessKey()
FNDA:16,System.String FFCDemoPaymentService.Messaging.MessageConfig::get_ScheduleAccessKey()
DA:13,16
FN:13,System.Boolean FFCDemoPaymentService.Messaging.MessageConfig::get_CreateScheduleQueue()
FNDA:16,System.Boolean FFCDemoPaymentService.Messaging.MessageConfig::get_CreateScheduleQueue()
DA:14,16
FN:14,System.String FFCDemoPaymentService.Messaging.MessageConfig::get_PaymentQueueName()
FNDA:16,System.String FFCDemoPaymentService.Messaging.MessageConfig::get_PaymentQueueName()
DA:15,16
FN:15,System.String FFCDemoPaymentService.Messaging.MessageConfig::get_PaymentQueueEndpoint()
FNDA:16,System.String FFCDemoPaymentService.Messaging.MessageConfig::get_PaymentQueueEndpoint()
DA:16,16
FN:16,System.String FFCDemoPaymentService.Messaging.MessageConfig::get_PaymentQueueUrl()
FNDA:16,System.String FFCDemoPaymentService.Messaging.MessageConfig::get_PaymentQueueUrl()
DA:17,16
FN:17,System.String FFCDemoPaymentService.Messaging.MessageConfig::get_PaymentQueueRegion()
FNDA:16,System.String FFCDemoPaymentService.Messaging.MessageConfig::get_PaymentQueueRegion()
DA:18,16
FN:18,System.String FFCDemoPaymentService.Messaging.MessageConfig::get_PaymentAccessKeyId()
FNDA:16,System.String FFCDemoPaymentService.Messaging.MessageConfig::get_PaymentAccessKeyId()
DA:19,16
FN:19,System.String FFCDemoPaymentService.Messaging.MessageConfig::get_PaymentAccessKey()
FNDA:16,System.String FFCDemoPaymentService.Messaging.MessageConfig::get_PaymentAccessKey()
DA:20,16
FN:20,System.Boolean FFCDemoPaymentService.Messaging.MessageConfig::get_CreatePaymentQueue()
FNDA:16,System.Boolean FFCDemoPaymentService.Messaging.MessageConfig::get_CreatePaymentQueue()
DA:21,16
LF:14
LH:14
BRF:0
BRH:0
FNF:14
FNH:14
end_of_record
SF:/c/Repos/ffc-demo-payment-service-core/FFCDemoPaymentService/Messaging/SqsConfig.cs
FN:17,System.String FFCDemoPaymentService.Messaging.SqsConfig::get_Endpoint()
FNDA:28,System.String FFCDemoPaymentService.Messaging.SqsConfig::get_Endpoint()
DA:18,28
FN:18,System.String FFCDemoPaymentService.Messaging.SqsConfig::get_Region()
FNDA:28,System.String FFCDemoPaymentService.Messaging.SqsConfig::get_Region()
DA:19,28
FN:19,System.String FFCDemoPaymentService.Messaging.SqsConfig::get_QueueName()
FNDA:28,System.String FFCDemoPaymentService.Messaging.SqsConfig::get_QueueName()
DA:20,28
FN:20,System.String FFCDemoPaymentService.Messaging.SqsConfig::get_QueueUrl()
FNDA:28,System.String FFCDemoPaymentService.Messaging.SqsConfig::get_QueueUrl()
DA:21,28
FN:21,System.String FFCDemoPaymentService.Messaging.SqsConfig::get_AccessKeyId()
FNDA:28,System.String FFCDemoPaymentService.Messaging.SqsConfig::get_AccessKeyId()
DA:22,28
FN:22,System.String FFCDemoPaymentService.Messaging.SqsConfig::get_AccessKey()
FNDA:28,System.String FFCDemoPaymentService.Messaging.SqsConfig::get_AccessKey()
DA:23,28
FN:23,System.Boolean FFCDemoPaymentService.Messaging.SqsConfig::get_CreateQueue()
FNDA:28,System.Boolean FFCDemoPaymentService.Messaging.SqsConfig::get_CreateQueue()
DA:24,28
FN:6,System.Void FFCDemoPaymentService.Messaging.SqsConfig::.ctor(System.String,System.String,System.String,System.String,System.String,System.String,System.Boolean)
FNDA:25,System.Void FFCDemoPaymentService.Messaging.SqsConfig::.ctor(System.String,System.String,System.String,System.String,System.String,System.String,System.Boolean)
DA:7,25
DA:8,25
DA:9,25
DA:10,25
DA:11,25
DA:12,25
DA:13,25
DA:14,25
DA:15,25
DA:16,25
LF:17
LH:17
BRF:0
BRH:0
FNF:8
FNH:8
end_of_record
SF:/c/Repos/ffc-demo-payment-service-core/FFCDemoPaymentService/Messaging/SqsReceiver.cs
FN:26,System.Void FFCDemoPaymentService.Messaging.SqsReceiver::StartPolling()
FNDA:0,System.Void FFCDemoPaymentService.Messaging.SqsReceiver::StartPolling()
DA:27,0
DA:28,0
DA:29,0
DA:30,0
DA:32,0
DA:33,0
DA:34,0
DA:35,0
DA:37,0
DA:38,0
BRDA:32,35,0,0
BRDA:32,35,1,0
FN:40,System.Void FFCDemoPaymentService.Messaging.SqsReceiver::SetCredentials()
FNDA:0,System.Void FFCDemoPaymentService.Messaging.SqsReceiver::SetCredentials()
DA:41,0
DA:42,0
DA:43,0
FN:45,System.Void FFCDemoPaymentService.Messaging.SqsReceiver::SetConfiguration()
FNDA:0,System.Void FFCDemoPaymentService.Messaging.SqsReceiver::SetConfiguration()
DA:46,0
DA:47,0
DA:48,0
DA:49,0
DA:50,0
DA:51,0
DA:52,0
DA:53,0
BRDA:49,51,0,0
BRDA:49,51,1,0
FN:55,System.Void FFCDemoPaymentService.Messaging.SqsReceiver::SetClient()
FNDA:0,System.Void FFCDemoPaymentService.Messaging.SqsReceiver::SetClient()
DA:56,0
DA:57,0
DA:58,0
FN:76,System.Void FFCDemoPaymentService.Messaging.SqsReceiver::Start()
FNDA:0,System.Void FFCDemoPaymentService.Messaging.SqsReceiver::Start()
DA:77,0
DA:78,0
DA:79,0
DA:80,0
FN:19,System.Void FFCDemoPaymentService.Messaging.SqsReceiver::.ctor(FFCDemoPaymentService.Messaging.SqsConfig,System.Action`1<System.String>)
FNDA:0,System.Void FFCDemoPaymentService.Messaging.SqsReceiver::.ctor(FFCDemoPaymentService.Messaging.SqsConfig,System.Action`1<System.String>)
DA:20,0
DA:21,0
DA:22,0
DA:23,0
DA:24,0
FN:60,System.Void FFCDemoPaymentService.Messaging.SqsReceiver/<CreateQueue>d__10::MoveNext()
FNDA:0,System.Void FFCDemoPaymentService.Messaging.SqsReceiver/<CreateQueue>d__10::MoveNext()
DA:61,0
DA:62,0
DA:64,0
DA:65,0
DA:66,0
DA:68,0
DA:69,0
DA:70,0
DA:71,0
DA:72,0
DA:73,0
DA:74,0
BRDA:62,44,0,0
BRDA:62,44,1,0
FN:82,System.Void FFCDemoPaymentService.Messaging.SqsReceiver/<ListenForMessages>d__12::MoveNext()
FNDA:0,System.Void FFCDemoPaymentService.Messaging.SqsReceiver/<ListenForMessages>d__12::MoveNext()
DA:83,0
DA:84,0
DA:85,0
DA:86,0
DA:87,0
DA:88,0
DA:89,0
DA:91,0
DA:92,0
DA:93,0
DA:94,0
DA:95,0
BRDA:83,14,0,0
BRDA:91,255,0,0
BRDA:83,14,1,0
BRDA:91,255,1,0
FN:98,System.Void FFCDemoPaymentService.Messaging.SqsReceiver/<ReceiveMessages>d__13::MoveNext()
FNDA:0,System.Void FFCDemoPaymentService.Messaging.SqsReceiver/<ReceiveMessages>d__13::MoveNext()
DA:99,0
DA:101,0
DA:102,0
DA:103,0
DA:104,0
DA:105,0
DA:106,0
DA:107,0
DA:108,0
DA:109,0
DA:110,0
DA:111,0
BRDA:99,17,0,0
BRDA:99,17,1,0
FN:113,System.Void FFCDemoPaymentService.Messaging.SqsReceiver/<DeleteMessage>d__14::MoveNext()
FNDA:0,System.Void FFCDemoPaymentService.Messaging.SqsReceiver/<DeleteMessage>d__14::MoveNext()
DA:114,0
DA:115,0
DA:116,0
DA:117,0
DA:119,0
DA:120,0
LF:75
LH:0
BRF:12
BRH:0
FNF:10
FNH:0
end_of_record
SF:/c/Repos/ffc-demo-payment-service-core/FFCDemoPaymentService/Messaging/Mapping/PaymentMap.cs
FN:15,FFCDemoPaymentService.Messaging.SqsConfig FFCDemoPaymentService.Messaging.Mapping.PaymentMap::MapToSqsConfig()
FNDA:9,FFCDemoPaymentService.Messaging.SqsConfig FFCDemoPaymentService.Messaging.Mapping.PaymentMap::MapToSqsConfig()
DA:16,9
DA:17,9
DA:18,9
DA:19,9
DA:20,9
DA:21,9
DA:22,9
DA:23,9
DA:24,9
FN:9,System.Void FFCDemoPaymentService.Messaging.Mapping.PaymentMap::.ctor(FFCDemoPaymentService.Messaging.MessageConfig)
FNDA:9,System.Void FFCDemoPaymentService.Messaging.Mapping.PaymentMap::.ctor(FFCDemoPaymentService.Messaging.MessageConfig)
DA:10,9
DA:11,9
DA:12,9
DA:13,9
LF:13
LH:13
BRF:0
BRH:0
FNF:2
FNH:2
end_of_record
SF:/c/Repos/ffc-demo-payment-service-core/FFCDemoPaymentService/Messaging/Mapping/ScheduleMap.cs
FN:15,FFCDemoPaymentService.Messaging.SqsConfig FFCDemoPaymentService.Messaging.Mapping.ScheduleMap::MapToSqsConfig()
FNDA:9,FFCDemoPaymentService.Messaging.SqsConfig FFCDemoPaymentService.Messaging.Mapping.ScheduleMap::MapToSqsConfig()
DA:16,9
DA:17,9
DA:18,9
DA:19,9
DA:20,9
DA:21,9
DA:22,9
DA:23,9
DA:24,9
FN:9,System.Void FFCDemoPaymentService.Messaging.Mapping.ScheduleMap::.ctor(FFCDemoPaymentService.Messaging.MessageConfig)
FNDA:9,System.Void FFCDemoPaymentService.Messaging.Mapping.ScheduleMap::.ctor(FFCDemoPaymentService.Messaging.MessageConfig)
DA:10,9
DA:11,9
DA:12,9
DA:13,9
LF:13
LH:13
BRF:0
BRH:0
FNF:2
FNH:2
end_of_record
SF:/c/Repos/ffc-demo-payment-service-core/FFCDemoPaymentService/Messaging/Actions/PaymentAction.cs
FN:17,System.Void FFCDemoPaymentService.Messaging.Actions.PaymentAction::ReceiveMessage(System.String)
FNDA:0,System.Void FFCDemoPaymentService.Messaging.Actions.PaymentAction::ReceiveMessage(System.String)
DA:18,0
DA:19,0
DA:22,0
FN:24,FFCDemoPaymentService.Models.Payment FFCDemoPaymentService.Messaging.Actions.PaymentAction::DeserializeMessage(System.String)
FNDA:4,FFCDemoPaymentService.Models.Payment FFCDemoPaymentService.Messaging.Actions.PaymentAction::DeserializeMessage(System.String)
DA:25,4
DA:26,4
DA:27,2
FN:11,System.Void FFCDemoPaymentService.Messaging.Actions.PaymentAction::.ctor(Microsoft.Extensions.DependencyInjection.IServiceScopeFactory)
FNDA:4,System.Void FFCDemoPaymentService.Messaging.Actions.PaymentAction::.ctor(Microsoft.Extensions.DependencyInjection.IServiceScopeFactory)
DA:12,4
DA:13,4
DA:14,4
DA:15,4
LF:10
LH:7
BRF:0
BRH:0
FNF:3
FNH:2
end_of_record
SF:/c/Repos/ffc-demo-payment-service-core/FFCDemoPaymentService/Messaging/Actions/ScheduleAction.cs
FN:18,System.Void FFCDemoPaymentService.Messaging.Actions.ScheduleAction::ReceiveMessage(System.String)
FNDA:1,System.Void FFCDemoPaymentService.Messaging.Actions.ScheduleAction::ReceiveMessage(System.String)
DA:19,1
DA:20,1
DA:21,1
DA:22,1
DA:23,1
DA:24,1
DA:25,1
DA:26,1
FN:28,FFCDemoPaymentService.Models.Claim FFCDemoPaymentService.Messaging.Actions.ScheduleAction::DeserializeMessage(System.String)
FNDA:4,FFCDemoPaymentService.Models.Claim FFCDemoPaymentService.Messaging.Actions.ScheduleAction::DeserializeMessage(System.String)
DA:29,4
DA:30,4
DA:31,3
FN:12,System.Void FFCDemoPaymentService.Messaging.Actions.ScheduleAction::.ctor(Microsoft.Extensions.DependencyInjection.IServiceScopeFactory)
FNDA:4,System.Void FFCDemoPaymentService.Messaging.Actions.ScheduleAction::.ctor(Microsoft.Extensions.DependencyInjection.IServiceScopeFactory)
DA:13,4
DA:14,4
DA:15,4
DA:16,4
LF:15
LH:15
BRF:0
BRH:0
FNF:3
FNH:3
end_of_record
SF:/c/Repos/ffc-demo-payment-service-core/FFCDemoPaymentService/Data/ApplicationDbContext.cs
FN:13,Microsoft.EntityFrameworkCore.DbSet`1<FFCDemoPaymentService.Models.Schedule> FFCDemoPaymentService.Data.ApplicationDbContext::get_Schedule()
FNDA:0,Microsoft.EntityFrameworkCore.DbSet`1<FFCDemoPaymentService.Models.Schedule> FFCDemoPaymentService.Data.ApplicationDbContext::get_Schedule()
DA:14,0
FN:14,Microsoft.EntityFrameworkCore.DbSet`1<FFCDemoPaymentService.Models.Payment> FFCDemoPaymentService.Data.ApplicationDbContext::get_Payments()
FNDA:0,Microsoft.EntityFrameworkCore.DbSet`1<FFCDemoPaymentService.Models.Payment> FFCDemoPaymentService.Data.ApplicationDbContext::get_Payments()
DA:15,0
FN:7,System.Void FFCDemoPaymentService.Data.ApplicationDbContext::.ctor()
FNDA:6,System.Void FFCDemoPaymentService.Data.ApplicationDbContext::.ctor()
DA:8,6
FN:9,System.Void FFCDemoPaymentService.Data.ApplicationDbContext::.ctor(Microsoft.EntityFrameworkCore.DbContextOptions`1<FFCDemoPaymentService.Data.ApplicationDbContext>)
FNDA:0,System.Void FFCDemoPaymentService.Data.ApplicationDbContext::.ctor(Microsoft.EntityFrameworkCore.DbContextOptions`1<FFCDemoPaymentService.Data.ApplicationDbContext>)
DA:10,0
DA:11,0
DA:12,0
LF:6
LH:1
BRF:0
BRH:0
FNF:4
FNH:1
end_of_record